<?xml version="1.0" encoding="UTF-8"?>
<!-- Generated by org.testng.reporters.JUnitReportReporter -->
<testsuite skipped="0" hostname="CDC2-D-CHMPXJ2" name="testng.NewTest" tests="2" failures="0" timestamp="03 Oct 2018 09:53:07 GMT" time="0.014" errors="0">
  <testcase name="f" time="0.007" classname="testng.NewTest"/>
  <testcase name="f1" time="0.007" classname="testng.NewTest"/>
</testsuite> <!-- testng.NewTest -->
