<?xml version="1.0" encoding="UTF-8"?>
<!-- Generated by org.testng.reporters.JUnitReportReporter -->
<testsuite skipped="0" hostname="CDC2-D-CHMPXJ2" name="seleniumwebdriverbasics.windows" tests="1" failures="0" timestamp="05 Oct 2018 07:08:25 GMT" time="12.563" errors="0">
  <testcase name="f" time="12.563" classname="seleniumwebdriverbasics.windows"/>
</testsuite> <!-- seleniumwebdriverbasics.windows -->
