<?xml version="1.0" encoding="UTF-8"?>
<!-- Generated by org.testng.reporters.JUnitReportReporter -->
<testsuite skipped="0" hostname="CDC2-D-CHMPXJ2" name="seleniumwebdriverbasics.dataprovider" tests="2" failures="0" timestamp="04 Oct 2018 09:57:04 GMT" time="0.006" errors="0">
  <testcase name="test" time="0.004" classname="seleniumwebdriverbasics.dataprovider"/>
  <testcase name="test" time="0.002" classname="seleniumwebdriverbasics.dataprovider"/>
</testsuite> <!-- seleniumwebdriverbasics.dataprovider -->
