<?xml version="1.0" encoding="UTF-8"?>
<!-- Generated by org.testng.reporters.JUnitReportReporter -->
<testsuite skipped="0" hostname="CDC2-D-CHMPXJ2" name="seleniumwebdriverbasics.framebyindex" tests="1" failures="0" timestamp="05 Oct 2018 06:26:46 GMT" time="3.170" errors="0">
  <testcase name="f" time="3.170" classname="seleniumwebdriverbasics.framebyindex"/>
</testsuite> <!-- seleniumwebdriverbasics.framebyindex -->
