<?xml version="1.0" encoding="UTF-8"?>
<!-- Generated by org.testng.reporters.JUnitReportReporter -->
<testsuite skipped="0" hostname="CDC2-D-CHMPXJ2" name="seleniumwebdriverbasics.list" tests="1" failures="0" timestamp="04 Oct 2018 09:33:25 GMT" time="3.840" errors="0">
  <testcase name="f" time="3.840" classname="seleniumwebdriverbasics.list"/>
</testsuite> <!-- seleniumwebdriverbasics.list -->
