<?xml version="1.0" encoding="UTF-8"?>
<!-- Generated by org.testng.reporters.JUnitReportReporter -->
<testsuite skipped="0" hostname="CDC2-D-CHMPXJ2" name="seleniumwebdriverbasics.yahootest" tests="1" failures="0" timestamp="04 Oct 2018 09:57:04 GMT" time="0.003" errors="0">
  <testcase name="f" time="0.003" classname="seleniumwebdriverbasics.yahootest"/>
</testsuite> <!-- seleniumwebdriverbasics.yahootest -->
