<?xml version="1.0" encoding="UTF-8"?>
<!-- Generated by org.testng.reporters.JUnitReportReporter -->
<testsuite skipped="0" hostname="CDC2-D-CHMPXJ2" name="seleniumwebdriverbasics.locators" tests="1" failures="0" timestamp="04 Oct 2018 07:08:33 GMT" time="5.124" errors="0">
  <testcase name="f" time="5.124" classname="seleniumwebdriverbasics.locators"/>
</testsuite> <!-- seleniumwebdriverbasics.locators -->
