<?xml version="1.0" encoding="UTF-8"?>
<!-- Generated by org.testng.reporters.JUnitReportReporter -->
<testsuite skipped="0" hostname="CDC2-D-CHMPXJ2" name="seleniumwebdriverbasics.popup" tests="1" failures="0" timestamp="05 Oct 2018 04:53:46 GMT" time="5.150" errors="0">
  <testcase name="f" time="5.150" classname="seleniumwebdriverbasics.popup"/>
</testsuite> <!-- seleniumwebdriverbasics.popup -->
